2025-12-03 18:19:47 - tokenizer_training_rank_0 - INFO - === Tokenizer Training Started ===
2025-12-03 18:19:47 - tokenizer_training_rank_0 - INFO - Experiment Name: data_2020_2025
2025-12-03 18:19:47 - tokenizer_training_rank_0 - INFO - Log Directory: /data3/zepeng/xyx/Machine-Learning-2025Fall/Model/finetune_csv/finetuned//data_2020_2025/logs
2025-12-03 18:19:47 - tokenizer_training_rank_0 - INFO - Rank: 0
2025-12-03 18:19:47 - tokenizer_training_rank_0 - INFO - Timestamp: 2025-12-03 18:19:47
2025-12-03 18:19:47 - tokenizer_training_rank_0 - INFO - Loading pretrained tokenizer...
2025-12-03 18:19:48 - tokenizer_training_rank_0 - INFO - Tokenizer parameters: 3,958,042
2025-12-03 18:19:48 - tokenizer_training_rank_0 - INFO - === Training Configuration ===
2025-12-03 18:19:48 - tokenizer_training_rank_0 - INFO - Data path: /data3/zepeng/xyx/Machine-Learning-2025Fall/data/data.csv
2025-12-03 18:19:48 - tokenizer_training_rank_0 - INFO - Lookback window: 512
2025-12-03 18:19:48 - tokenizer_training_rank_0 - INFO - Predict window: 48
2025-12-03 18:19:48 - tokenizer_training_rank_0 - INFO - Batch size: 32
2025-12-03 18:19:48 - tokenizer_training_rank_0 - INFO - Learning rate: 0.0002
2025-12-03 18:19:48 - tokenizer_training_rank_0 - INFO - Training epochs: 30
2025-12-03 18:19:48 - tokenizer_training_rank_0 - INFO - Device: cuda:0
2025-12-03 18:19:48 - tokenizer_training_rank_0 - INFO - Distributed training: False
2025-12-03 18:19:48 - tokenizer_training_rank_0 - INFO - Starting tokenizer fine-tuning training...
2025-12-03 18:19:48 - tokenizer_training_rank_0 - INFO - Starting tokenizer training...
2025-12-03 18:23:37 - tokenizer_training_rank_0 - INFO - === Tokenizer Training Started ===
2025-12-03 18:23:37 - tokenizer_training_rank_0 - INFO - Experiment Name: data_2020_2025
2025-12-03 18:23:37 - tokenizer_training_rank_0 - INFO - Log Directory: /data3/zepeng/xyx/Machine-Learning-2025Fall/Model/finetune_csv/finetuned//data_2020_2025/logs
2025-12-03 18:23:37 - tokenizer_training_rank_0 - INFO - Rank: 0
2025-12-03 18:23:37 - tokenizer_training_rank_0 - INFO - Timestamp: 2025-12-03 18:23:37
2025-12-03 18:23:37 - tokenizer_training_rank_0 - INFO - Loading pretrained tokenizer...
2025-12-03 18:23:37 - tokenizer_training_rank_0 - INFO - Tokenizer parameters: 3,958,042
2025-12-03 18:23:37 - tokenizer_training_rank_0 - INFO - === Training Configuration ===
2025-12-03 18:23:37 - tokenizer_training_rank_0 - INFO - Data path: /data3/zepeng/xyx/Machine-Learning-2025Fall/data/data.csv
2025-12-03 18:23:37 - tokenizer_training_rank_0 - INFO - Lookback window: 512
2025-12-03 18:23:37 - tokenizer_training_rank_0 - INFO - Predict window: 48
2025-12-03 18:23:37 - tokenizer_training_rank_0 - INFO - Batch size: 32
2025-12-03 18:23:37 - tokenizer_training_rank_0 - INFO - Learning rate: 0.0002
2025-12-03 18:23:37 - tokenizer_training_rank_0 - INFO - Training epochs: 30
2025-12-03 18:23:37 - tokenizer_training_rank_0 - INFO - Device: cuda:0
2025-12-03 18:23:37 - tokenizer_training_rank_0 - INFO - Distributed training: False
2025-12-03 18:23:37 - tokenizer_training_rank_0 - INFO - Starting tokenizer fine-tuning training...
2025-12-03 18:23:37 - tokenizer_training_rank_0 - INFO - Starting tokenizer training...
